Arguments: 
  /home/carl/.nvm/versions/node/v15.5.0/bin/node /usr/share/yarn/bin/yarn.js install

PATH: 
  /home/carl/.vscode-server/bin/ea3859d4ba2f3e577a159bc91e3074c5d85c0523/bin:/home/linuxbrew/.linuxbrew/bin:/home/linuxbrew/.linuxbrew/sbin:/home/carl/.local/bin:/home/carl/.nvm/versions/node/v15.5.0/bin:/usr/local/sbin:/usr/local/bin:/usr/sbin:/usr/bin:/sbin:/bin:/usr/games:/usr/local/games:/mnt/c/Perl64/site/bin:/mnt/c/Perl64/bin:/mnt/c/ProgramData/Oracle/Java/javapath:/mnt/c/Program Files (x86)/Intel/iCLS Client/:/mnt/c/Program Files/Intel/iCLS Client/:/mnt/c/Windows/system32:/mnt/c/Windows:/mnt/c/Windows/System32/Wbem:/mnt/c/Windows/System32/WindowsPowerShell/v1.0/:/mnt/c/Program Files (x86)/Windows Live/Shared:/mnt/c/Program Files/Intel/Intel(R) Management Engine Components/DAL:/mnt/c/Program Files/Intel/Intel(R) Management Engine Components/IPT:/mnt/c/Program Files (x86)/Intel/Intel(R) Management Engine Components/DAL:/mnt/c/Program Files (x86)/Intel/Intel(R) Management Engine Components/IPT:/mnt/c/Users/carl/AppData/Local/Smartbar/Application/:/mnt/c/WINDOWS/system32:/mnt/c/WINDOWS:/mnt/c/WINDOWS/System32/Wbem:/mnt/c/WINDOWS/System32/WindowsPowerShell/v1.0/:/mnt/g/quicktime/QTSystem/:/mnt/c/Users/carl/.dnx/bin:/mnt/c/Program Files/Microsoft DNX/Dnvm/:/mnt/c/Program Files (x86)/AMD/ATI.ACE/Core-Static:/mnt/g/Git/cmd:/mnt/c/Program Files/dotnet/:/mnt/c/Program Files/ffmpeg/ffmpeg-20180325-5b31dd1-win64-static/bin:/mnt/c/WINDOWS/System32/OpenSSH/:/mnt/c/Program Files/Heroku/bin:/mnt/c/WINDOWS/system32:/mnt/c/WINDOWS:/mnt/c/WINDOWS/System32/Wbem:/mnt/c/WINDOWS/System32/WindowsPowerShell/v1.0/:/mnt/c/WINDOWS/System32/OpenSSH/:/mnt/c/Program Files/Git LFS:/mnt/a/Nodejs/:/mnt/c/Program Files/Amazon/AWSCLI/bin/:/mnt/c/Program Files (x86)/Yarn/bin/:/mnt/c/ProgramData/chocolatey/bin:/mnt/c/Users/carl/.windows-build-tools/python27/:/mnt/a/Nodejs/node_modules/npm/node_modules/npm-lifecycle/node-gyp-bin:/mnt/c/Users/carl/AppData/Roaming/npm/node_modules/windows-build-tools/node_modules/.bin:/mnt/c/Users/carl/AppData/Roaming/npm/node_modules/.bin:/mnt/c/Program Files (x86)/NVIDIA Corporation/PhysX/Common:/mnt/c/ProgramData/Oracle/Java/javapath:/mnt/g/EasyPHP-DevServer-14.1VC11/binaries/php/php_runningversion:/mnt/g/EasyPHP-DevServer-13.1VC11/binaries/php/php_runningversion:/mnt/c/Program Files (x86)/Intel/iCLS Client/:/mnt/c/Program Files/Intel/iCLS Client/:/mnt/c/Windows/system32:/mnt/c/Windows:/mnt/c/Windows/System32/Wbem:/mnt/c/Windows/System32/WindowsPowerShell/v1.0/:/mnt/c/Program Files (x86)/Windows Live/Shared:/mnt/c/Program Files/Intel/Intel(R) Management Engine Components/DAL:/mnt/c/Program Files/Intel/Intel(R) Management Engine Components/IPT:/mnt/c/Program Files (x86)/Intel/Intel(R) Management Engine Components/DAL:/mnt/c/Program Files (x86)/Intel/Intel(R) Management Engine Components/IPT:/mnt/c/Users/carl/AppData/Local/Smartbar/Application/:/mnt/c/WINDOWS/system32:/mnt/c/WINDOWS:/mnt/c/WINDOWS/System32/Wbem:/mnt/c/WINDOWS/System32/WindowsPowerShell/v1.0/:/mnt/g/quicktime/QTSystem/:/mnt/c/Users/carl/.dnx/bin:/mnt/c/Program Files/Microsoft DNX/Dnvm/:/mnt/c/Program Files (x86)/AMD/ATI.ACE/Core-Static:/mnt/g/Git/cmd:/mnt/c/Program Files/dotnet/:/mnt/c/Program Files/ffmpeg/ffmpeg-20180325-5b31dd1-win64-static/bin:/mnt/a/Nodejs/:/mnt/c/Program Files/PuTTY/:/mnt/c/WINDOWS/System32/OpenSSH/:/mnt/c/Users/carl/AppData/Local/Programs/Python/Python36/Scripts/:/mnt/c/Users/carl/AppData/Local/Programs/Python/Python36/:/mnt/c/Users/carl/AppData/Local/Microsoft/WindowsApps:/mnt/c/Program Files/Microsoft VS Code/bin:/mnt/c/Users/carl/AppData/Local/Microsoft/WindowsApps:/mnt/c/Users/carl/.netlify/helper/bin:/mnt/c/Users/carl/AppData/Roaming/npm:/mnt/c/Users/carl/AppData/Local/Programs/Microsoft VS Code/bin:/mnt/c/Users/carl/AppData/Local/Yarn/bin:/snap/bin

Yarn version: 
  1.22.5

Node version: 
  15.5.0

Platform: 
  linux x64

Trace: 
  SyntaxError: /home/carl/projects/opensource/fauna-ctl/package.json: Unexpected token } in JSON at position 1626
      at JSON.parse (<anonymous>)
      at /usr/share/yarn/lib/cli.js:1625:59
      at Generator.next (<anonymous>)
      at step (/usr/share/yarn/lib/cli.js:310:30)
      at /usr/share/yarn/lib/cli.js:321:13

npm manifest: 
  {
    "name": "fauna-gql-upload",
    "version": "1.9.1",
    "description": "Upload a GraphQL schema to FaunaDB using the command line.",
    "main": "dist/index.js",
    "bin": {
      "fauna-gql": "./dist/index.js",
      "fgu": "./dist/index.js"
    },
    "keywords": [
      "faunadb",
      "graphql",
      "cli"
    ],
    "author": "Carl Hallén Jansson <carl@chjweb.se>",
    "license": "ISC",
    "dependencies": {
      "@graphql-codegen/core": "^1.17.8",
      "@graphql-codegen/typescript": "^1.17.11",
      "@graphql-codegen/typescript-operations": "^1.17.10",
      "@graphql-tools/code-file-loader": "^6.2.6",
      "@graphql-tools/graphql-file-loader": "^6.2.6",
      "@graphql-tools/load": "^6.2.5",
      "@graphql-tools/url-loader": "^6.4.0",
      "cli-spinner": "^0.2.10",
      "dotenv": "^8.2.0",
      "esbuild": "^0.8.2",
      "faunadb": "^4.0.0",
      "node-fetch": "^2.6.1",
      "prompts": "^2.3.2",
      "yargs": "^15.3.1"
    },
    "devDependencies": {
      "@babel/core": "^7.12.10",
      "@babel/preset-env": "^7.12.11",
      "@babel/preset-typescript": "^7.12.7",
      "@types/cli-spinner": "^0.2.0",
      "@types/graphql": "^14.5.0",
      "@types/jest": "^26.0.20",
      "@types/node": "^14.14.20",
      "@types/node-fetch": "^2.5.7",
      "@types/prompts": "^2.0.9",
      "@typescript-eslint/eslint-plugin": "^4.12.0",
      "@typescript-eslint/parser": "^4.12.0",
      "babel-jest": "^26.6.3",
      "eslint": "^6.8.0",
      "eslint-config-plazide": "^0.1.6",
      "jest": "^26.0.1",
      "typescript": "^4.0.5"
    },
    "peerDependencies": {
  	"faunadb": "^3.0.0",
  	"graphql": "^0.8.0 || ^0.9.0 || ^0.10.0 || ^0.11.0 || ^0.12.0 || ^0.13.0 || ^14.0.0 || ^15.4.0",
    },
    "optionalDependencies": {
  	"typescript": "^4.0.5"
    },
    "scripts": {
  	"test": "jest",
  	"build": "tsc",
  	"watch": "tsc --watch",
  	"prepublish": "test && build"
    },
    "repository": {
      "type": "git",
      "url": "git+https://github.com/Plazide/fauna-gql-upload.git"
    },
    "bugs": {
      "url": "https://github.com/Plazide/fauna-gql-upload/issues"
    },
    "homepage": "https://github.com/Plazide/fauna-gql-upload#readme"
  }

yarn manifest: 
  No manifest

Lockfile: 
  No lockfile
